01:02:04.807 [main] INFO  testCases.TC001_AccountRegistrationTest - *** validating customer info ***
01:02:04.909 [main] INFO  testCases.TC001_AccountRegistrationTest - Test case passed
01:02:09.915 [main] INFO  testCases.TC002_LoginWithCreds - **** Starting the test case ****
01:02:24.502 [main] INFO  testCases.TC003_LoginwithDataProvider - **** Starting the test case ****
01:02:28.318 [main] INFO  testCases.TC003_LoginwithDataProvider - **** Starting the test case ****
01:02:33.253 [main] INFO  testCases.TC003_LoginwithDataProvider - **** Starting the test case ****
01:02:46.876 [main] INFO  testCases.TC003_LoginwithDataProvider - **** Starting the test case ****
01:02:49.630 [main] INFO  testCases.TC003_LoginwithDataProvider - **** Starting the test case ****
15:01:51.011 [main] INFO  org.testng.internal.Utils - [TestNG] Running:
  C:\Users\USER\OneDrive\Desktop\java_ws\TutorialsNinja\testng.xml

15:06:19.333 [main] INFO  org.testng.internal.Utils - [TestNG] Running:
  C:\Users\USER\OneDrive\Desktop\java_ws\TutorialsNinja\testng.xml

15:07:14.593 [main] INFO  testCases.TC001_AccountRegistrationTest - **** Starting the test case ****
15:07:14.811 [main] INFO  testCases.TC001_AccountRegistrationTest - *** clicked on my account ***
15:07:16.907 [main] INFO  testCases.TC001_AccountRegistrationTest - *** Providing customer info ***
15:07:18.612 [main] INFO  testCases.TC001_AccountRegistrationTest - *** validating customer info ***
15:07:18.661 [main] INFO  testCases.TC001_AccountRegistrationTest - Test case passed
15:07:24.727 [main] INFO  testCases.TC003_LoginwithDataProvider - **** Starting the test case ****
15:07:27.005 [main] INFO  testCases.TC003_LoginwithDataProvider - **** Starting the test case ****
15:07:29.192 [main] INFO  testCases.TC003_LoginwithDataProvider - **** Starting the test case ****
15:07:40.496 [main] INFO  testCases.TC003_LoginwithDataProvider - **** Starting the test case ****
15:07:42.394 [main] INFO  testCases.TC003_LoginwithDataProvider - **** Starting the test case ****
15:08:06.693 [main] INFO  testCases.TC002_LoginWithCreds - **** Starting the test case ****
15:09:50.649 [main] INFO  org.testng.internal.Utils - [TestNG] Running:
  C:\Users\USER\OneDrive\Desktop\java_ws\TutorialsNinja\testng.xml

15:14:32.727 [main] INFO  org.testng.internal.Utils - [TestNG] Running:
  C:\Users\USER\OneDrive\Desktop\java_ws\TutorialsNinja\testng.xml

15:14:37.845 [main] INFO  testCases.TC001_AccountRegistrationTest - **** Starting the test case ****
15:14:38.459 [main] INFO  testCases.TC001_AccountRegistrationTest - *** clicked on my account ***
15:14:39.264 [main] INFO  testCases.TC001_AccountRegistrationTest - *** Providing customer info ***
15:14:42.212 [main] INFO  testCases.TC001_AccountRegistrationTest - *** validating customer info ***
15:14:42.376 [main] INFO  testCases.TC001_AccountRegistrationTest - Test case passed
15:14:53.224 [main] INFO  testCases.TC003_LoginwithDataProvider - **** Starting the test case ****
15:14:58.114 [main] INFO  testCases.TC003_LoginwithDataProvider - **** Starting the test case ****
15:15:03.837 [main] INFO  testCases.TC003_LoginwithDataProvider - **** Starting the test case ****
15:15:17.378 [main] INFO  testCases.TC003_LoginwithDataProvider - **** Starting the test case ****
15:15:20.083 [main] INFO  testCases.TC003_LoginwithDataProvider - **** Starting the test case ****
15:15:39.371 [main] INFO  testCases.TC002_LoginWithCreds - **** Starting the test case ****
14:32:15.047 [main] INFO  org.testng.internal.Utils - [TestNG] Running:
  C:\Users\USER\OneDrive\Desktop\java_ws\TutorialsNinja\docker-grid.xml

14:33:30.071 [main] INFO  testCases.TC001_AccountRegistrationTest - **** Starting the test case ****
14:33:30.979 [main] INFO  testCases.TC001_AccountRegistrationTest - *** clicked on my account ***
14:33:32.692 [main] INFO  testCases.TC001_AccountRegistrationTest - *** Providing customer info ***
14:33:37.970 [main] INFO  testCases.TC001_AccountRegistrationTest - *** validating customer info ***
14:33:38.231 [main] INFO  testCases.TC001_AccountRegistrationTest - Test case passed
14:33:49.408 [main] INFO  testCases.TC003_LoginwithDataProvider - **** Starting the test case ****
14:33:55.050 [main] INFO  testCases.TC003_LoginwithDataProvider - **** Starting the test case ****
14:37:01.832 [main] INFO  org.testng.internal.Utils - [TestNG] Running:
  C:\Users\USER\OneDrive\Desktop\java_ws\TutorialsNinja\docker-grid.xml

14:40:00.377 [main] INFO  testCases.TC001_AccountRegistrationTest - **** Starting the test case ****
14:40:01.705 [main] INFO  testCases.TC001_AccountRegistrationTest - *** clicked on my account ***
14:40:03.733 [main] INFO  testCases.TC001_AccountRegistrationTest - *** Providing customer info ***
14:40:09.230 [main] INFO  testCases.TC001_AccountRegistrationTest - *** validating customer info ***
14:40:09.483 [main] INFO  testCases.TC001_AccountRegistrationTest - Test case passed
14:40:51.772 [main] INFO  testCases.TC001_AccountRegistrationTest - **** Starting the test case ****
